<?xml version="1.0" encoding="UTF-8"?>
<testsuite name="com.programmers.calculator.engine.MenuTest" tests="2" skipped="0" failures="0" errors="0" timestamp="2022-03-27T04:49:06" hostname="hwangseunghan-ui-MacBookPro.local" time="0.03">
  <properties/>
  <testcase name="1. 메뉴 출력 테스트" classname="com.programmers.calculator.engine.MenuTest" time="0.027"/>
  <testcase name="2. 올바른 메뉴 입력인지 테스트" classname="com.programmers.calculator.engine.MenuTest" time="0.003"/>
  <system-out><![CDATA[]]></system-out>
  <system-err><![CDATA[]]></system-err>
</testsuite>
