<?xml version="1.0" encoding="UTF-8"?>
<testsuite name="calculator.AppTest" tests="1" skipped="0" failures="0" errors="0" timestamp="2022-03-27T15:14:02" hostname="gim-yongcheol-ui-MacBookAir.local" time="0.018">
  <properties/>
  <testcase name="Test Ok?" classname="calculator.AppTest" time="0.018"/>
  <system-out><![CDATA[]]></system-out>
  <system-err><![CDATA[]]></system-err>
</testsuite>
