<?xml version="1.0" encoding="UTF-8"?>
<testsuite name="CalTest" tests="1" skipped="0" failures="0" errors="0" timestamp="2022-10-21T12:04:28" hostname="jang-yeongjiui-MacBookPro.local" time="0.02">
  <properties/>
  <testcase name="plus()" classname="CalTest" time="0.02"/>
  <system-out><![CDATA[]]></system-out>
  <system-err><![CDATA[]]></system-err>
</testsuite>
