<?xml version="1.0" encoding="UTF-8"?>
<testsuite name="com.programmers.calculator.engine.OperatorTest" tests="4" skipped="0" failures="0" errors="0" timestamp="2022-03-27T10:37:53" hostname="hwangseunghan-ui-MacBookPro.local" time="0.01">
  <properties/>
  <testcase name="1. 더하기(+)를 지원해야 한다" classname="com.programmers.calculator.engine.OperatorTest" time="0.004"/>
  <testcase name="2. 빼기(-)를 지원해야 한다" classname="com.programmers.calculator.engine.OperatorTest" time="0.001"/>
  <testcase name="3. 곱하기(*)를 지원해야 한다" classname="com.programmers.calculator.engine.OperatorTest" time="0.001"/>
  <testcase name="4. 나누기(%)를 지원해야 한다" classname="com.programmers.calculator.engine.OperatorTest" time="0.002"/>
  <system-out><![CDATA[]]></system-out>
  <system-err><![CDATA[]]></system-err>
</testsuite>
