<?xml version="1.0" encoding="UTF-8"?>
<testsuite name="com.programmers.calculator.engine.ValueTest" tests="3" skipped="0" failures="0" errors="0" timestamp="2022-03-27T03:22:07" hostname="hwangseunghan-ui-MacBookPro.local" time="0.035">
  <properties/>
  <testcase name="3. toString Test" classname="com.programmers.calculator.engine.ValueTest" time="0.029"/>
  <testcase name="1. Equals Test" classname="com.programmers.calculator.engine.ValueTest" time="0.002"/>
  <testcase name="2. HashCode Test" classname="com.programmers.calculator.engine.ValueTest" time="0.001"/>
  <system-out><![CDATA[]]></system-out>
  <system-err><![CDATA[]]></system-err>
</testsuite>
