<?xml version="1.0" encoding="UTF-8"?>
<testsuite name="com.kimhunki.java.calculator.db.ResultRepositoryTest" tests="1" skipped="0" failures="0" errors="0" timestamp="2022-03-26T18:29:51" hostname="KimHunkiui-MacBookPro.local" time="0.041">
  <properties/>
  <testcase name="리포지토리 값 더하기" classname="com.kimhunki.java.calculator.db.ResultRepositoryTest" time="0.041"/>
  <system-out><![CDATA[]]></system-out>
  <system-err><![CDATA[]]></system-err>
</testsuite>
