<?xml version="1.0" encoding="UTF-8"?>
<testsuite name="com.programmers.calculator.engine.CalculatorTest" tests="4" skipped="0" failures="0" errors="0" timestamp="2022-03-30T10:49:29" hostname="DESKTOP-4DH71IR" time="0.032">
  <properties/>
  <testcase name="testParse()" classname="com.programmers.calculator.engine.CalculatorTest" time="0.02"/>
  <testcase name="testCalculate()" classname="com.programmers.calculator.engine.CalculatorTest" time="0.005"/>
  <testcase name="testPriority()" classname="com.programmers.calculator.engine.CalculatorTest" time="0.001"/>
  <testcase name="testIsStringInteger()" classname="com.programmers.calculator.engine.CalculatorTest" time="0.002"/>
  <system-out><![CDATA[]]></system-out>
  <system-err><![CDATA[]]></system-err>
</testsuite>
