<?xml version="1.0" encoding="UTF-8"?>
<testsuite name="entity.ExpressionTest" tests="1" skipped="0" failures="0" errors="0" timestamp="2022-03-23T07:08:32" hostname="Jungui-MacBookPro.local" time="0.056">
  <properties/>
  <testcase name="idIncrementTest()" classname="entity.ExpressionTest" time="0.056"/>
  <system-out><![CDATA[]]></system-out>
  <system-err><![CDATA[]]></system-err>
</testsuite>
