<?xml version="1.0" encoding="UTF-8"?>
<testsuite name="com.programmers.calculator.engine.repository.CalculatorRepositoryTest" tests="2" skipped="0" failures="0" errors="0" timestamp="2022-03-30T10:49:29" hostname="DESKTOP-4DH71IR" time="0.002">
  <properties/>
  <testcase name="저장소에 있는 이력 모두 조회" classname="com.programmers.calculator.engine.repository.CalculatorRepositoryTest" time="0.001"/>
  <testcase name="계산 결과 저장" classname="com.programmers.calculator.engine.repository.CalculatorRepositoryTest" time="0.0"/>
  <system-out><![CDATA[]]></system-out>
  <system-err><![CDATA[]]></system-err>
</testsuite>
